<?xml version="1.0" encoding="UTF-8"?>
<testsuite name="StringUtilsTest" tests="2" skipped="0" failures="0" errors="0" timestamp="2023-03-07T08:53:10" hostname="LAPTOP" time="0.028">
  <properties/>
  <testcase name="Test Splitter" classname="StringUtilsTest" time="0.023"/>
  <testcase name="Test UnHtml" classname="StringUtilsTest" time="0.004"/>
  <system-out><![CDATA[]]></system-out>
  <system-err><![CDATA[]]></system-err>
</testsuite>
